#
# There is insufficient memory for the Java Runtime Environment to continue.
# Native memory allocation (malloc) failed to allocate 262096 bytes for Chunk::new
# Possible reasons:
#   The system is out of physical RAM or swap space
#   In 32 bit mode, the process size limit was hit
# Possible solutions:
#   Reduce memory load on the system
#   Increase physical memory or swap space
#   Check if swap backing store is full
#   Use 64 bit Java on a 64 bit OS
#   Decrease Java heap size (-Xmx/-Xms)
#   Decrease number of Java threads
#   Decrease Java thread stack sizes (-Xss)
#   Set larger code cache with -XX:ReservedCodeCacheSize=
# This output file may be truncated or incomplete.
#
#  Out of Memory Error (allocation.cpp:390), pid=27664, tid=0x0000000000006c64
#
# JRE version: OpenJDK Runtime Environment (8.0_112-b06) (build 1.8.0_112-release-b06)
# Java VM: OpenJDK 64-Bit Server VM (25.112-b06 mixed mode windows-amd64 compressed oops)
# Failed to write core dump. Minidumps are not enabled by default on client versions of Windows
#

---------------  T H R E A D  ---------------

Current thread (0x000000001594a000):  JavaThread "C2 CompilerThread0" daemon [_thread_in_native, id=27748, stack(0x0000000017260000,0x0000000017360000)]

Stack: [0x0000000017260000,0x0000000017360000]
[error occurred during error reporting (printing stack bounds), id 0xc0000005]

Native frames: (J=compiled Java code, j=interpreted, Vv=VM code, C=native code)


Current CompileTask:
C2:  14188 1708       4       com.android.dx.rop.cst.CstBaseMethodRef::getPrototype (41 bytes)


---------------  P R O C E S S  ---------------

Java Threads: ( => current thread )
  0x0000000016cc7000 JavaThread "Service Thread" daemon [_thread_blocked, id=26360, stack(0x0000000017560000,0x0000000017660000)]
  0x0000000016caf000 JavaThread "C1 CompilerThread2" daemon [_thread_blocked, id=9344, stack(0x0000000017460000,0x0000000017560000)]
  0x000000001594c000 JavaThread "C2 CompilerThread1" daemon [_thread_in_native, id=27792, stack(0x0000000017360000,0x0000000017460000)]
=>0x000000001594a000 JavaThread "C2 CompilerThread0" daemon [_thread_in_native, id=27748, stack(0x0000000017260000,0x0000000017360000)]
  0x00000000158fd000 JavaThread "Attach Listener" daemon [_thread_blocked, id=23900, stack(0x0000000017160000,0x0000000017260000)]
  0x00000000158fc800 JavaThread "Signal Dispatcher" daemon [_thread_blocked, id=24504, stack(0x0000000017060000,0x0000000017160000)]
  0x000000000321b000 JavaThread "Finalizer" daemon [_thread_blocked, id=24520, stack(0x0000000016b60000,0x0000000016c60000)]
  0x0000000003210000 JavaThread "Reference Handler" daemon [_thread_blocked, id=27352, stack(0x0000000016a60000,0x0000000016b60000)]
  0x0000000003120800 JavaThread "main" [_thread_in_native, id=23984, stack(0x0000000002f30000,0x0000000003030000)]

Other Threads:
  0x00000000158b5800 VMThread [stack: 0x0000000016960000,0x0000000016a60000] [id=27040]
  0x0000000016cbc800 WatcherThread [stack: 0x0000000017660000,0x0000000017760000] [id=27712]

VM state:not at safepoint (normal execution)

VM Mutex/Monitor currently owned by a thread: None

Heap:
 PSYoungGen      total 35328K, used 24485K [0x00000000eab00000, 0x00000000ed000000, 0x0000000100000000)
  eden space 32768K, 66% used [0x00000000eab00000,0x00000000ec06ce18,0x00000000ecb00000)
  from space 2560K, 99% used [0x00000000ecd80000,0x00000000ecffc920,0x00000000ed000000)
  to   space 2560K, 0% used [0x00000000ecb00000,0x00000000ecb00000,0x00000000ecd80000)
 ParOldGen       total 53760K, used 33870K [0x00000000c0000000, 0x00000000c3480000, 0x00000000eab00000)
  object space 53760K, 63% used [0x00000000c0000000,0x00000000c2113a88,0x00000000c3480000)
 Metaspace       used 6334K, capacity 7158K, committed 7296K, reserved 1056768K
  class space    used 614K, capacity 622K, committed 640K, reserved 1048576K

Card table byte_map: [0x00000000125e0000,0x00000000127f0000] byte_map_base: 0x0000000011fe0000

Marking Bits: (ParMarkBitMap*) 0x0000000075ae18f0
 Begin Bits: [0x0000000012d50000, 0x0000000013d50000)
 End Bits:   [0x0000000013d50000, 0x0000000014d50000)

Polling page: 0x0000000001210000

CodeCache: size=245760Kb used=7671Kb max_used=7671Kb free=238088Kb
 bounds [0x0000000003220000, 0x00000000039b0000, 0x0000000012220000]
 total_blobs=2014 nmethods=1742 adapters=186
 compilation: enabled

Compilation events (10 events):
Event: 14.153 Thread 0x0000000016caf000 1718       1       com.android.dx.rop.cst.CstString::getBytes (5 bytes)
Event: 14.153 Thread 0x0000000016caf000 nmethod 1718 0x0000000003980e10 code [0x0000000003980f60, 0x0000000003981070]
Event: 14.153 Thread 0x0000000016caf000 1719       3       com.android.dx.dex.file.StringDataItem::writeTo0 (103 bytes)
Event: 14.154 Thread 0x0000000016caf000 nmethod 1719 0x0000000003994d50 code [0x0000000003995080, 0x00000000039969e8]
Event: 14.154 Thread 0x0000000016caf000 1721       3       com.android.dx.util.ByteArray::getBytes (39 bytes)
Event: 14.154 Thread 0x0000000016caf000 nmethod 1721 0x0000000003983850 code [0x00000000039839e0, 0x0000000003983d38]
Event: 14.156 Thread 0x000000001594c000 1722       4       com.android.dx.util.ByteArrayAnnotatedOutput::writeByte (51 bytes)
Event: 14.157 Thread 0x000000001594c000 nmethod 1722 0x000000000399a490 code [0x000000000399a5e0, 0x000000000399a718]
Event: 14.165 Thread 0x000000001594c000 1723       4       java.lang.CharacterData::of (120 bytes)
Event: 14.166 Thread 0x000000001594c000 nmethod 1723 0x0000000003998b50 code [0x0000000003998c80, 0x0000000003998cf8]

GC Heap History (10 events):
Event: 10.914 GC heap before
{Heap before GC invocations=3 (full 0):
 PSYoungGen      total 18944K, used 18915K [0x00000000eab00000, 0x00000000ec000000, 0x0000000100000000)
  eden space 16384K, 100% used [0x00000000eab00000,0x00000000ebb00000,0x00000000ebb00000)
  from space 2560K, 98% used [0x00000000ebd80000,0x00000000ebff8d00,0x00000000ec000000)
  to   space 2560K, 0% used [0x00000000ebb00000,0x00000000ebb00000,0x00000000ebd80000)
 ParOldGen       total 44032K, used 3824K [0x00000000c0000000, 0x00000000c2b00000, 0x00000000eab00000)
  object space 44032K, 8% used [0x00000000c0000000,0x00000000c03bc148,0x00000000c2b00000)
 Metaspace       used 5724K, capacity 6832K, committed 7040K, reserved 1056768K
  class space    used 562K, capacity 616K, committed 640K, reserved 1048576K
Event: 11.217 GC heap after
Heap after GC invocations=3 (full 0):
 PSYoungGen      total 18944K, used 2541K [0x00000000eab00000, 0x00000000ed000000, 0x0000000100000000)
  eden space 16384K, 0% used [0x00000000eab00000,0x00000000eab00000,0x00000000ebb00000)
  from space 2560K, 99% used [0x00000000ebb00000,0x00000000ebd7b7c0,0x00000000ebd80000)
  to   space 2560K, 0% used [0x00000000ecd80000,0x00000000ecd80000,0x00000000ed000000)
 ParOldGen       total 44032K, used 11391K [0x00000000c0000000, 0x00000000c2b00000, 0x00000000eab00000)
  object space 44032K, 25% used [0x00000000c0000000,0x00000000c0b1fe70,0x00000000c2b00000)
 Metaspace       used 5724K, capacity 6832K, committed 7040K, reserved 1056768K
  class space    used 562K, capacity 616K, committed 640K, reserved 1048576K
}
Event: 11.785 GC heap before
{Heap before GC invocations=4 (full 0):
 PSYoungGen      total 18944K, used 18925K [0x00000000eab00000, 0x00000000ed000000, 0x0000000100000000)
  eden space 16384K, 100% used [0x00000000eab00000,0x00000000ebb00000,0x00000000ebb00000)
  from space 2560K, 99% used [0x00000000ebb00000,0x00000000ebd7b7c0,0x00000000ebd80000)
  to   space 2560K, 0% used [0x00000000ecd80000,0x00000000ecd80000,0x00000000ed000000)
 ParOldGen       total 44032K, used 11391K [0x00000000c0000000, 0x00000000c2b00000, 0x00000000eab00000)
  object space 44032K, 25% used [0x00000000c0000000,0x00000000c0b1fe70,0x00000000c2b00000)
 Metaspace       used 5736K, capacity 6832K, committed 7040K, reserved 1056768K
  class space    used 563K, capacity 616K, committed 640K, reserved 1048576K
Event: 11.816 GC heap after
Heap after GC invocations=4 (full 0):
 PSYoungGen      total 35328K, used 2530K [0x00000000eab00000, 0x00000000ed000000, 0x0000000100000000)
  eden space 32768K, 0% used [0x00000000eab00000,0x00000000eab00000,0x00000000ecb00000)
  from space 2560K, 98% used [0x00000000ecd80000,0x00000000ecff8b88,0x00000000ed000000)
  to   space 2560K, 0% used [0x00000000ecb00000,0x00000000ecb00000,0x00000000ecd80000)
 ParOldGen       total 44032K, used 18960K [0x00000000c0000000, 0x00000000c2b00000, 0x00000000eab00000)
  object space 44032K, 43% used [0x00000000c0000000,0x00000000c12841d8,0x00000000c2b00000)
 Metaspace       used 5736K, capacity 6832K, committed 7040K, reserved 1056768K
  class space    used 563K, capacity 616K, committed 640K, reserved 1048576K
}
Event: 12.271 GC heap before
{Heap before GC invocations=5 (full 0):
 PSYoungGen      total 35328K, used 35298K [0x00000000eab00000, 0x00000000ed000000, 0x0000000100000000)
  eden space 32768K, 100% used [0x00000000eab00000,0x00000000ecb00000,0x00000000ecb00000)
  from space 2560K, 98% used [0x00000000ecd80000,0x00000000ecff8b88,0x00000000ed000000)
  to   space 2560K, 0% used [0x00000000ecb00000,0x00000000ecb00000,0x00000000ecd80000)
 ParOldGen       total 44032K, used 18960K [0x00000000c0000000, 0x00000000c2b00000, 0x00000000eab00000)
  object space 44032K, 43% used [0x00000000c0000000,0x00000000c12841d8,0x00000000c2b00000)
 Metaspace       used 5759K, capacity 6896K, committed 7040K, reserved 1056768K
  class space    used 564K, capacity 616K, committed 640K, reserved 1048576K
Event: 12.298 GC heap after
Heap after GC invocations=5 (full 0):
 PSYoungGen      total 35328K, used 2541K [0x00000000eab00000, 0x00000000ed000000, 0x0000000100000000)
  eden space 32768K, 0% used [0x00000000eab00000,0x00000000eab00000,0x00000000ecb00000)
  from space 2560K, 99% used [0x00000000ecb00000,0x00000000ecd7b7a0,0x00000000ecd80000)
  to   space 2560K, 0% used [0x00000000ecd80000,0x00000000ecd80000,0x00000000ed000000)
 ParOldGen       total 44032K, used 30529K [0x00000000c0000000, 0x00000000c2b00000, 0x00000000eab00000)
  object space 44032K, 69% used [0x00000000c0000000,0x00000000c1dd0510,0x00000000c2b00000)
 Metaspace       used 5759K, capacity 6896K, committed 7040K, reserved 1056768K
  class space    used 564K, capacity 616K, committed 640K, reserved 1048576K
}
Event: 12.298 GC heap before
{Heap before GC invocations=6 (full 1):
 PSYoungGen      total 35328K, used 2541K [0x00000000eab00000, 0x00000000ed000000, 0x0000000100000000)
  eden space 32768K, 0% used [0x00000000eab00000,0x00000000eab00000,0x00000000ecb00000)
  from space 2560K, 99% used [0x00000000ecb00000,0x00000000ecd7b7a0,0x00000000ecd80000)
  to   space 2560K, 0% used [0x00000000ecd80000,0x00000000ecd80000,0x00000000ed000000)
 ParOldGen       total 44032K, used 30529K [0x00000000c0000000, 0x00000000c2b00000, 0x00000000eab00000)
  object space 44032K, 69% used [0x00000000c0000000,0x00000000c1dd0510,0x00000000c2b00000)
 Metaspace       used 5759K, capacity 6896K, committed 7040K, reserved 1056768K
  class space    used 564K, capacity 616K, committed 640K, reserved 1048576K
Event: 12.422 GC heap after
Heap after GC invocations=6 (full 1):
 PSYoungGen      total 35328K, used 0K [0x00000000eab00000, 0x00000000ed000000, 0x0000000100000000)
  eden space 32768K, 0% used [0x00000000eab00000,0x00000000eab00000,0x00000000ecb00000)
  from space 2560K, 0% used [0x00000000ecb00000,0x00000000ecb00000,0x00000000ecd80000)
  to   space 2560K, 0% used [0x00000000ecd80000,0x00000000ecd80000,0x00000000ed000000)
 ParOldGen       total 53760K, used 20770K [0x00000000c0000000, 0x00000000c3480000, 0x00000000eab00000)
  object space 53760K, 38% used [0x00000000c0000000,0x00000000c1448a38,0x00000000c3480000)
 Metaspace       used 5759K, capacity 6896K, committed 7040K, reserved 1056768K
  class space    used 564K, capacity 616K, committed 640K, reserved 1048576K
}
Event: 13.373 GC heap before
{Heap before GC invocations=7 (full 1):
 PSYoungGen      total 35328K, used 32768K [0x00000000eab00000, 0x00000000ed000000, 0x0000000100000000)
  eden space 32768K, 100% used [0x00000000eab00000,0x00000000ecb00000,0x00000000ecb00000)
  from space 2560K, 0% used [0x00000000ecb00000,0x00000000ecb00000,0x00000000ecd80000)
  to   space 2560K, 0% used [0x00000000ecd80000,0x00000000ecd80000,0x00000000ed000000)
 ParOldGen       total 53760K, used 20770K [0x00000000c0000000, 0x00000000c3480000, 0x00000000eab00000)
  object space 53760K, 38% used [0x00000000c0000000,0x00000000c1448a38,0x00000000c3480000)
 Metaspace       used 5769K, capacity 6896K, committed 7040K, reserved 1056768K
  class space    used 564K, capacity 616K, committed 640K, reserved 1048576K
Event: 13.404 GC heap after
Heap after GC invocations=7 (full 1):
 PSYoungGen      total 35328K, used 2546K [0x00000000eab00000, 0x00000000ed000000, 0x0000000100000000)
  eden space 32768K, 0% used [0x00000000eab00000,0x00000000eab00000,0x00000000ecb00000)
  from space 2560K, 99% used [0x00000000ecd80000,0x00000000ecffc920,0x00000000ed000000)
  to   space 2560K, 0% used [0x00000000ecb00000,0x00000000ecb00000,0x00000000ecd80000)
 ParOldGen       total 53760K, used 33870K [0x00000000c0000000, 0x00000000c3480000, 0x00000000eab00000)
  object space 53760K, 63% used [0x00000000c0000000,0x00000000c2113a88,0x00000000c3480000)
 Metaspace       used 5769K, capacity 6896K, committed 7040K, reserved 1056768K
  class space    used 564K, capacity 616K, committed 640K, reserved 1048576K
}

Deoptimization events (10 events):
Event: 13.906 Thread 0x0000000017cb7800 Uncommon trap: reason=bimorphic action=maybe_recompile pc=0x0000000003431e64 method=java.util.HashMap.getNode(ILjava/lang/Object;)Ljava/util/HashMap$Node; @ 126
Event: 13.906 Thread 0x0000000017cb7800 Uncommon trap: reason=bimorphic action=maybe_recompile pc=0x0000000003431e64 method=java.util.HashMap.getNode(ILjava/lang/Object;)Ljava/util/HashMap$Node; @ 126
Event: 13.906 Thread 0x0000000017cb7800 Uncommon trap: reason=bimorphic action=maybe_recompile pc=0x0000000003431e64 method=java.util.HashMap.getNode(ILjava/lang/Object;)Ljava/util/HashMap$Node; @ 126
Event: 13.906 Thread 0x0000000017cb7800 Uncommon trap: reason=bimorphic action=maybe_recompile pc=0x00000000036482c0 method=java.util.HashMap.getNode(ILjava/lang/Object;)Ljava/util/HashMap$Node; @ 126
Event: 13.945 Thread 0x0000000017cb7800 Uncommon trap: reason=speculate_class_check action=maybe_recompile pc=0x00000000035a1f5c method=com.android.dx.util.FixedSizeList.equals(Ljava/lang/Object;)Z @ 25
Event: 13.945 Thread 0x0000000017cb7800 Uncommon trap: reason=speculate_class_check action=maybe_recompile pc=0x00000000035a1f5c method=com.android.dx.util.FixedSizeList.equals(Ljava/lang/Object;)Z @ 25
Event: 13.945 Thread 0x0000000017cb7800 Uncommon trap: reason=speculate_class_check action=maybe_recompile pc=0x00000000035a1f5c method=com.android.dx.util.FixedSizeList.equals(Ljava/lang/Object;)Z @ 25
Event: 13.945 Thread 0x0000000017cb7800 Uncommon trap: reason=speculate_class_check action=maybe_recompile pc=0x00000000035a1f5c method=com.android.dx.util.FixedSizeList.equals(Ljava/lang/Object;)Z @ 25
Event: 13.956 Thread 0x0000000017cb7800 Uncommon trap: reason=unstable_if action=reinterpret pc=0x000000000390cb44 method=com.android.dx.dex.code.LocalList$MakeState.snapshot(ILcom/android/dx/rop/code/RegisterSpecSet;)V @ 51
Event: 14.111 Thread 0x0000000017cb7800 Uncommon trap: reason=unstable_if action=reinterpret pc=0x000000000345e0bc method=java.lang.Long.numberOfTrailingZeros(J)I @ 3

Internal exceptions (3 events):
Event: 0.128 Thread 0x0000000003120800 Exception <a 'java/lang/NoSuchMethodError': Method sun.misc.Unsafe.defineClass(Ljava/lang/String;[BII)Ljava/lang/Class; name or signature does not match> (0x00000000eab07c78) thrown at [C:\src\android\AOSP-openjdk\external\jetbrains\jdk\hotspot\src\share\vŽQ›‡ü`À?
Event: 0.128 Thread 0x0000000003120800 Exception <a 'java/lang/NoSuchMethodError': Method sun.misc.Unsafe.prefetchRead(Ljava/lang/Object;J)V name or signature does not match> (0x00000000eab07f60) thrown at [C:\src\android\AOSP-openjdk\external\jetbrains\jdk\hotspot\src\share\vm\prims\jni.cpp, lùâzÒW@
Event: 7.836 Thread 0x0000000016eee000 Implicit null exception at 0x000000000356eaa2 to 0x000000000356eb9a

Events (10 events):
Event: 14.166 loading class sun/misc/FloatingDecimal$BinaryToASCIIBuffer
Event: 14.166 loading class sun/misc/FloatingDecimal$BinaryToASCIIBuffer done
Event: 14.166 loading class sun/misc/FloatingDecimal$1
Event: 14.166 loading class sun/misc/FloatingDecimal$1 done
Event: 14.166 loading class sun/misc/FloatingDecimal$PreparedASCIIToBinaryBuffer
Event: 14.166 loading class sun/misc/FloatingDecimal$ASCIIToBinaryConverter
Event: 14.166 loading class sun/misc/FloatingDecimal$ASCIIToBinaryConverter done
Event: 14.166 loading class sun/misc/FloatingDecimal$PreparedASCIIToBinaryBuffer done
Event: 14.166 loading class sun/misc/FDBigInteger
Event: 14.166 loading class sun/misc/FDBigInteger done


Dynamic libraries:
0x00007ff6fbfb0000 - 0x00007ff6fbfe1000 	C:\Program Files\Android\Android Studio\jre\bin\java.exe
0x00007ffd02670000 - 0x00007ffd02832000 	C:\WINDOWS\SYSTEM32\ntdll.dll
0x00007ffd02510000 - 0x00007ffd025bd000 	C:\WINDOWS\system32\KERNEL32.DLL
0x00007ffcff790000 - 0x00007ffcff96d000 	C:\WINDOWS\system32\KERNELBASE.dll
0x00007ffd025c0000 - 0x00007ffd02666000 	C:\WINDOWS\system32\ADVAPI32.dll
0x00007ffcfffa0000 - 0x00007ffd0003d000 	C:\WINDOWS\system32\msvcrt.dll
0x00007ffd022a0000 - 0x00007ffd022fb000 	C:\WINDOWS\system32\sechost.dll
0x00007ffcffd20000 - 0x00007ffcffe46000 	C:\WINDOWS\system32\RPCRT4.dll
0x00007ffd02300000 - 0x00007ffd0244e000 	C:\WINDOWS\system32\USER32.dll
0x00007ffd00060000 - 0x00007ffd001e5000 	C:\WINDOWS\system32\GDI32.dll
0x00007ffcf4a90000 - 0x00007ffcf4d04000 	C:\WINDOWS\WinSxS\amd64_microsoft.windows.common-controls_6595b64144ccf1df_6.0.10240.17184_none_f41d7a705752bce6\COMCTL32.dll
0x00007ffd02450000 - 0x00007ffd02486000 	C:\WINDOWS\system32\IMM32.DLL
0x00007ffd01890000 - 0x00007ffd019ec000 	C:\WINDOWS\system32\MSCTF.dll
0x0000000075240000 - 0x0000000075312000 	C:\Program Files\Android\Android Studio\jre\jre\bin\msvcr100.dll
0x0000000075320000 - 0x0000000075b5c000 	C:\Program Files\Android\Android Studio\jre\jre\bin\server\jvm.dll
0x00007ffcffd10000 - 0x00007ffcffd18000 	C:\WINDOWS\system32\PSAPI.DLL
0x00007ffcf7790000 - 0x00007ffcf7799000 	C:\WINDOWS\SYSTEM32\WSOCK32.dll
0x00007ffcfc310000 - 0x00007ffcfc31a000 	C:\WINDOWS\SYSTEM32\VERSION.dll
0x00007ffcfd6d0000 - 0x00007ffcfd6f3000 	C:\WINDOWS\SYSTEM32\WINMM.dll
0x00007ffd01ba0000 - 0x00007ffd01c09000 	C:\WINDOWS\system32\WS2_32.dll
0x00007ffcfd680000 - 0x00007ffcfd6ac000 	C:\WINDOWS\SYSTEM32\WINMMBASE.dll
0x00007ffd00040000 - 0x00007ffd00048000 	C:\WINDOWS\system32\NSI.dll
0x00007ffcff740000 - 0x00007ffcff784000 	C:\WINDOWS\system32\cfgmgr32.dll
0x00007ffcfd950000 - 0x00007ffcfd977000 	C:\WINDOWS\SYSTEM32\DEVOBJ.dll
0x00007ffcf6e60000 - 0x00007ffcf6e6f000 	C:\Program Files\Android\Android Studio\jre\jre\bin\verify.dll
0x00007ffcf58f0000 - 0x00007ffcf5919000 	C:\Program Files\Android\Android Studio\jre\jre\bin\java.dll
0x00007ffcf67e0000 - 0x00007ffcf67f6000 	C:\Program Files\Android\Android Studio\jre\jre\bin\zip.dll
0x00007ffd00360000 - 0x00007ffd01883000 	C:\WINDOWS\system32\SHELL32.dll
0x00007ffcff110000 - 0x00007ffcff739000 	C:\WINDOWS\system32\windows.storage.dll
0x00007ffd02020000 - 0x00007ffd0229c000 	C:\WINDOWS\system32\combase.dll
0x00007ffd00300000 - 0x00007ffd00351000 	C:\WINDOWS\system32\shlwapi.dll
0x00007ffcff090000 - 0x00007ffcff09f000 	C:\WINDOWS\system32\kernel.appcore.dll
0x00007ffcff970000 - 0x00007ffcffa23000 	C:\WINDOWS\system32\shcore.dll
0x00007ffcff0a0000 - 0x00007ffcff0ea000 	C:\WINDOWS\system32\powrprof.dll
0x00007ffcff0f0000 - 0x00007ffcff103000 	C:\WINDOWS\system32\profapi.dll

VM Arguments:
jvm_args: -Djava.awt.headless=true -Xmx1024M -Dfile.encoding=GBK -Duser.country=CN -Duser.language=zh -Duser.variant 
java_command: com.android.dx.command.Main --dex --force-jumbo --num-threads=4 --multi-dex --output D:\Users\SZU\Documents\GitHub\SzuMusicApp\SzuMusicApp\app\build\intermediates\transforms\dex\debug\folders\1000\5\slice_8 D:\Users\SZU\Documents\GitHub\SzuMusicApp\SzuMusicApp\app\build\intermediates\transforms\instantRunSlicer\debug\folders\1\5\slice_8
java_class_path (initial): C:\Users\SZU\AppData\Local\Android\Sdk\build-tools\25.0.0\lib\dx.jar
Launcher Type: SUN_STANDARD

Environment Variables:
JAVA_HOME=C:\Program Files\Java\jdk1.8.0_45
CLASSPATH=.;C:\Program Files\Java\jdk1.8.0_45\lib;C:\Program Files\Java\jdk1.8.0_45\lib\tools.jar
PATH=C:\ProgramData\Oracle\Java\javapath;C:\WINDOWS\system32;C:\WINDOWS;C:\WINDOWS\System32\Wbem;C:\WINDOWS\System32\WindowsPowerShell\v1.0\;;C:\Program Files\Java\jdk1.8.0_45\bin;C:\Program Files\Java\jdk1.8.0_45\jre\bin;C:\Program Files\Java\jdk1.8.0_45\bin;C:\Users\SZU\AppData\Local\GitHubDesktop\bin
USERNAME=SZU
OS=Windows_NT
PROCESSOR_IDENTIFIER=Intel64 Family 6 Model 94 Stepping 3, GenuineIntel



---------------  S Y S T E M  ---------------

OS: Windows 10.0 , 64 bit Build 10240 (10.0.10240.17113)

CPU:total 4 (2 cores per cpu, 2 threads per core) family 6 model 94 stepping 3, cmov, cx8, fxsr, mmx, sse, sse2, sse3, ssse3, sse4.1, sse4.2, popcnt, avx, avx2, aes, clmul, erms, 3dnowpref, lzcnt, ht, tsc, tscinvbit, bmi1, bmi2, adx

Memory: 4k page, physical 4073900k(229936k free), swap 11233064k(1940k free)

vm_info: OpenJDK 64-Bit Server VM (25.112-b06) for windows-amd64 JRE (1.8.0_112-release-b06), built on Dec  8 2016 00:54:26 by "builder" with MS VC++ 10.0 (VS2010)

time: Tue Aug 22 19:00:19 2017
elapsed time: 14 seconds (0d 0h 0m 14s)

