#
# There is insufficient memory for the Java Runtime Environment to continue.
# Native memory allocation (malloc) failed to allocate 1048576 bytes for AllocateHeap
# Possible reasons:
#   The system is out of physical RAM or swap space
#   In 32 bit mode, the process size limit was hit
# Possible solutions:
#   Reduce memory load on the system
#   Increase physical memory or swap space
#   Check if swap backing store is full
#   Use 64 bit Java on a 64 bit OS
#   Decrease Java heap size (-Xmx/-Xms)
#   Decrease number of Java threads
#   Decrease Java thread stack sizes (-Xss)
#   Set larger code cache with -XX:ReservedCodeCacheSize=
# This output file may be truncated or incomplete.
#
#  Out of Memory Error (memory/allocation.inline.hpp:61), pid=26048, tid=0x0000000000006044
#
# JRE version:  (8.0_112-b06) (build )
# Java VM: OpenJDK 64-Bit Server VM (25.112-b06 mixed mode windows-amd64 compressed oops)
# Failed to write core dump. Minidumps are not enabled by default on client versions of Windows
#

---------------  T H R E A D  ---------------

Current thread (0x00000000027e0800):  JavaThread "Unknown thread" [_thread_in_vm, id=24644, stack(0x00000000026e0000,0x00000000027e0000)]

Stack: [0x00000000026e0000,0x00000000027e0000]
[error occurred during error reporting (printing stack bounds), id 0xc0000005]

Native frames: (J=compiled Java code, j=interpreted, Vv=VM code, C=native code)


---------------  P R O C E S S  ---------------

Java Threads: ( => current thread )

Other Threads:

=>0x00000000027e0800 (exited) JavaThread "Unknown thread" [_thread_in_vm, id=24644, stack(0x00000000026e0000,0x00000000027e0000)]

VM state:not at safepoint (normal execution)

VM Mutex/Monitor currently owned by a thread: None

Heap:
 PSYoungGen      total 18944K, used 327K [0x00000000eab00000, 0x00000000ec000000, 0x0000000100000000)
  eden space 16384K, 2% used [0x00000000eab00000,0x00000000eab51ec8,0x00000000ebb00000)
  from space 2560K, 0% used [0x00000000ebd80000,0x00000000ebd80000,0x00000000ec000000)
  to   space 2560K, 0% used [0x00000000ebb00000,0x00000000ebb00000,0x00000000ebd80000)
 ParOldGen       total 44032K, used 0K [0x00000000c0000000, 0x00000000c2b00000, 0x00000000eab00000)
  object space 44032K, 0% used [0x00000000c0000000,0x00000000c0000000,0x00000000c2b00000)
 Metaspace       used 772K, capacity 4480K, committed 4480K, reserved 1056768K
  class space    used 73K, capacity 384K, committed 384K, reserved 1048576K

Card table byte_map: [0x0000000011ca0000,0x0000000011eb0000] byte_map_base: 0x00000000116a0000

Marking Bits: (ParMarkBitMap*) 0x0000000075ae18f0
 Begin Bits: [0x0000000012410000, 0x0000000013410000)
 End Bits:   [0x0000000013410000, 0x0000000014410000)

Polling page: 0x00000000025f0000

CodeCache: size=245760Kb used=328Kb max_used=328Kb free=245431Kb
 bounds [0x00000000028e0000, 0x0000000002b50000, 0x00000000118e0000]
 total_blobs=57 nmethods=0 adapters=38
 compilation: enabled

Compilation events (0 events):
No events

GC Heap History (0 events):
No events

Deoptimization events (0 events):
No events

Internal exceptions (0 events):
No events

Events (10 events):
Event: 0.105 loading class java/lang/Short
Event: 0.105 loading class java/lang/Short done
Event: 0.105 loading class java/lang/Integer
Event: 0.106 loading class java/lang/Integer done
Event: 0.106 loading class java/lang/Long
Event: 0.107 loading class java/lang/Long done
Event: 0.111 loading class java/lang/NullPointerException
Event: 0.111 loading class java/lang/NullPointerException done
Event: 0.111 loading class java/lang/ArithmeticException
Event: 0.111 loading class java/lang/ArithmeticException done


Dynamic libraries:
0x00007ff6fbfb0000 - 0x00007ff6fbfe1000 	C:\Program Files\Android\Android Studio\jre\bin\java.exe
0x00007ffd02670000 - 0x00007ffd02832000 	C:\WINDOWS\SYSTEM32\ntdll.dll
0x00007ffd02510000 - 0x00007ffd025bd000 	C:\WINDOWS\system32\KERNEL32.DLL
0x00007ffcff790000 - 0x00007ffcff96d000 	C:\WINDOWS\system32\KERNELBASE.dll
0x00007ffd025c0000 - 0x00007ffd02666000 	C:\WINDOWS\system32\ADVAPI32.dll
0x00007ffcfffa0000 - 0x00007ffd0003d000 	C:\WINDOWS\system32\msvcrt.dll
0x00007ffd022a0000 - 0x00007ffd022fb000 	C:\WINDOWS\system32\sechost.dll
0x00007ffcffd20000 - 0x00007ffcffe46000 	C:\WINDOWS\system32\RPCRT4.dll
0x00007ffd02300000 - 0x00007ffd0244e000 	C:\WINDOWS\system32\USER32.dll
0x00007ffd00060000 - 0x00007ffd001e5000 	C:\WINDOWS\system32\GDI32.dll
0x00007ffcf4a90000 - 0x00007ffcf4d04000 	C:\WINDOWS\WinSxS\amd64_microsoft.windows.common-controls_6595b64144ccf1df_6.0.10240.17184_none_f41d7a705752bce6\COMCTL32.dll
0x00007ffd02450000 - 0x00007ffd02486000 	C:\WINDOWS\system32\IMM32.DLL
0x00007ffd01890000 - 0x00007ffd019ec000 	C:\WINDOWS\system32\MSCTF.dll
0x0000000075240000 - 0x0000000075312000 	C:\Program Files\Android\Android Studio\jre\jre\bin\msvcr100.dll
0x0000000075320000 - 0x0000000075b5c000 	C:\Program Files\Android\Android Studio\jre\jre\bin\server\jvm.dll
0x00007ffcffd10000 - 0x00007ffcffd18000 	C:\WINDOWS\system32\PSAPI.DLL
0x00007ffcf7790000 - 0x00007ffcf7799000 	C:\WINDOWS\SYSTEM32\WSOCK32.dll
0x00007ffcfd6d0000 - 0x00007ffcfd6f3000 	C:\WINDOWS\SYSTEM32\WINMM.dll
0x00007ffcfc310000 - 0x00007ffcfc31a000 	C:\WINDOWS\SYSTEM32\VERSION.dll
0x00007ffd01ba0000 - 0x00007ffd01c09000 	C:\WINDOWS\system32\WS2_32.dll
0x00007ffd00040000 - 0x00007ffd00048000 	C:\WINDOWS\system32\NSI.dll
0x00007ffcfd680000 - 0x00007ffcfd6ac000 	C:\WINDOWS\SYSTEM32\WINMMBASE.dll
0x00007ffcff740000 - 0x00007ffcff784000 	C:\WINDOWS\system32\cfgmgr32.dll
0x00007ffcfd950000 - 0x00007ffcfd977000 	C:\WINDOWS\SYSTEM32\DEVOBJ.dll
0x00007ffcf6e60000 - 0x00007ffcf6e6f000 	C:\Program Files\Android\Android Studio\jre\jre\bin\verify.dll
0x00007ffcf58f0000 - 0x00007ffcf5919000 	C:\Program Files\Android\Android Studio\jre\jre\bin\java.dll
0x00007ffcf67e0000 - 0x00007ffcf67f6000 	C:\Program Files\Android\Android Studio\jre\jre\bin\zip.dll

VM Arguments:
jvm_args: -Djava.awt.headless=true -Xmx1024M -Dfile.encoding=GBK -Duser.country=CN -Duser.language=zh -Duser.variant 
java_command: com.android.dx.command.Main --dex --force-jumbo --num-threads=4 --multi-dex --output D:\Users\SZU\Documents\GitHub\SzuMusicApp\SzuMusicApp\app\build\intermediates\transforms\dex\debug\folders\1000\10000\instant-run-bootstrap_29ef7ff6019cd6fc23ee033db83cfeb4e0bc8523 D:\Users\SZU\Documents\GitHub\SzuMusicApp\SzuMusicApp\app\build\intermediates\incremental-classes\debug\instant-run-bootstrap.jar
java_class_path (initial): C:\Users\SZU\AppData\Local\Android\Sdk\build-tools\25.0.0\lib\dx.jar
Launcher Type: SUN_STANDARD

Environment Variables:
JAVA_HOME=C:\Program Files\Java\jdk1.8.0_45
CLASSPATH=.;C:\Program Files\Java\jdk1.8.0_45\lib;C:\Program Files\Java\jdk1.8.0_45\lib\tools.jar
PATH=C:\ProgramData\Oracle\Java\javapath;C:\WINDOWS\system32;C:\WINDOWS;C:\WINDOWS\System32\Wbem;C:\WINDOWS\System32\WindowsPowerShell\v1.0\;;C:\Program Files\Java\jdk1.8.0_45\bin;C:\Program Files\Java\jdk1.8.0_45\jre\bin;C:\Program Files\Java\jdk1.8.0_45\bin;C:\Users\SZU\AppData\Local\GitHubDesktop\bin
USERNAME=SZU
OS=Windows_NT
PROCESSOR_IDENTIFIER=Intel64 Family 6 Model 94 Stepping 3, GenuineIntel



---------------  S Y S T E M  ---------------

OS: Windows 10.0 , 64 bit Build 10240 (10.0.10240.17113)

CPU:total 4 (2 cores per cpu, 2 threads per core) family 6 model 94 stepping 3, cmov, cx8, fxsr, mmx, sse, sse2, sse3, ssse3, sse4.1, sse4.2, popcnt, avx, avx2, aes, clmul, erms, 3dnowpref, lzcnt, ht, tsc, tscinvbit, bmi1, bmi2, adx

Memory: 4k page, physical 4073900k(30608k free), swap 11233064k(4440k free)

vm_info: OpenJDK 64-Bit Server VM (25.112-b06) for windows-amd64 JRE (1.8.0_112-release-b06), built on Dec  8 2016 00:54:26 by "builder" with MS VC++ 10.0 (VS2010)

time: Tue Aug 22 19:00:05 2017
elapsed time: 0 seconds (0d 0h 0m 0s)

